  [1m[35m (1180.3ms)[0m  [1m[35mCREATE DATABASE "test_job_database" ENCODING = 'utf8'[0m
  [1m[35m (11.2ms)[0m  [1m[35mCREATE DATABASE "test_job_database" ENCODING = 'utf8'[0m
  [1m[35m (102.2ms)[0m  [1m[35mCREATE TABLE "schema_migrations" ("version" character varying NOT NULL PRIMARY KEY)[0m
  [1m[35m (55.4ms)[0m  [1m[35mCREATE TABLE "ar_internal_metadata" ("key" character varying NOT NULL PRIMARY KEY, "value" character varying, "created_at" timestamp(6) NOT NULL, "updated_at" timestamp(6) NOT NULL)[0m
  [1m[35m (0.7ms)[0m  [1m[34mSELECT pg_try_advisory_lock(4498364147392050705)[0m
  [1m[36mActiveRecord::SchemaMigration Load (0.5ms)[0m  [1m[34mSELECT "schema_migrations"."version" FROM "schema_migrations" ORDER BY "schema_migrations"."version" ASC[0m
  [1m[36mActiveRecord::InternalMetadata Load (0.6ms)[0m  [1m[34mSELECT * FROM "ar_internal_metadata" WHERE "ar_internal_metadata"."key" = $1 ORDER BY "ar_internal_metadata"."key" ASC LIMIT 1[0m  [[nil, "environment"]]
  [1m[36mActiveRecord::InternalMetadata Create (177.2ms)[0m  [1m[32mINSERT INTO "ar_internal_metadata" ("key", "value", "created_at", "updated_at") VALUES ('environment', 'development', '2024-01-24 08:53:46.362878', '2024-01-24 08:53:46.362881') RETURNING "key"[0m
  [1m[35m (0.5ms)[0m  [1m[34mSELECT pg_advisory_unlock(4498364147392050705)[0m
  [1m[36mActiveRecord::SchemaMigration Load (0.3ms)[0m  [1m[34mSELECT "schema_migrations"."version" FROM "schema_migrations" ORDER BY "schema_migrations"."version" ASC[0m
Started GET "/" for ::1 at 2024-01-24 14:26:30 +0530
  [1m[36mActiveRecord::SchemaMigration Load (0.6ms)[0m  [1m[34mSELECT "schema_migrations"."version" FROM "schema_migrations" ORDER BY "schema_migrations"."version" ASC[0m
Processing by Rails::WelcomeController#index as HTML
  Rendering vendor/bundle/ruby/3.0.0/gems/railties-7.1.3/lib/rails/templates/rails/welcome/index.html.erb
  Rendered vendor/bundle/ruby/3.0.0/gems/railties-7.1.3/lib/rails/templates/rails/welcome/index.html.erb (Duration: 0.8ms | Allocations: 525)
Completed 200 OK in 13ms (Views: 5.9ms | ActiveRecord: 0.0ms | Allocations: 7191)


  [1m[35m (0.2ms)[0m  [1m[34mSELECT pg_try_advisory_lock(4498364147392050705)[0m
  [1m[36mActiveRecord::SchemaMigration Load (0.6ms)[0m  [1m[34mSELECT "schema_migrations"."version" FROM "schema_migrations" ORDER BY "schema_migrations"."version" ASC[0m
  [1m[36mActiveRecord::InternalMetadata Load (0.6ms)[0m  [1m[34mSELECT * FROM "ar_internal_metadata" WHERE "ar_internal_metadata"."key" = $1 ORDER BY "ar_internal_metadata"."key" ASC LIMIT 1[0m  [[nil, "environment"]]
Migrating to CreateUsers (20240124100706)
  [1m[36mTRANSACTION (0.1ms)[0m  [1m[35mBEGIN[0m
  [1m[35m (94.7ms)[0m  [1m[35mCREATE TABLE "users" ("id" bigserial primary key, "email" character varying, "password" character varying, "created_at" timestamp(6) NOT NULL, "updated_at" timestamp(6) NOT NULL)[0m
  [1m[36mActiveRecord::SchemaMigration Create (1.0ms)[0m  [1m[32mINSERT INTO "schema_migrations" ("version") VALUES ('20240124100706') RETURNING "version"[0m
  [1m[36mTRANSACTION (4.3ms)[0m  [1m[35mCOMMIT[0m
  [1m[35m (0.8ms)[0m  [1m[34mSELECT pg_advisory_unlock(4498364147392050705)[0m
  [1m[36mActiveRecord::SchemaMigration Load (0.7ms)[0m  [1m[34mSELECT "schema_migrations"."version" FROM "schema_migrations" ORDER BY "schema_migrations"."version" ASC[0m
  [1m[36mActiveRecord::SchemaMigration Load (0.6ms)[0m  [1m[34mSELECT "schema_migrations"."version" FROM "schema_migrations" ORDER BY "schema_migrations"."version" ASC[0m
  [1m[36mUser Load (0.4ms)[0m  [1m[34mSELECT "users".* FROM "users" WHERE "users"."email" = $1 AND "users"."password" = $2 LIMIT $3[0m  [["email", "user1@yopmail.com"], ["password", "[FILTERED]"], ["LIMIT", 1]]
  [1m[36mTRANSACTION (0.2ms)[0m  [1m[35mBEGIN[0m
  [1m[36mUser Create (0.5ms)[0m  [1m[32mINSERT INTO "users" ("email", "password", "created_at", "updated_at") VALUES ($1, $2, $3, $4) RETURNING "id"[0m  [["email", "user1@yopmail.com"], ["password", "[FILTERED]"], ["created_at", "2024-01-24 10:10:14.736468"], ["updated_at", "2024-01-24 10:10:14.736468"]]
  [1m[36mTRANSACTION (5.9ms)[0m  [1m[35mCOMMIT[0m
  [1m[36mUser Load (0.7ms)[0m  [1m[34mSELECT "users".* FROM "users" ORDER BY "users"."id" ASC LIMIT $1[0m  [["LIMIT", 1]]
Started POST "/login" for ::1 at 2024-01-24 15:58:24 +0530
  [1m[36mActiveRecord::SchemaMigration Load (0.6ms)[0m  [1m[34mSELECT "schema_migrations"."version" FROM "schema_migrations" ORDER BY "schema_migrations"."version" ASC[0m
  
AbstractController::ActionNotFound (The action 'create' could not be found for UsersController):
  
actionpack (7.1.3) lib/abstract_controller/base.rb:155:in `process'
actionpack (7.1.3) lib/action_controller/metal.rb:227:in `dispatch'
actionpack (7.1.3) lib/action_controller/metal.rb:309:in `dispatch'
actionpack (7.1.3) lib/action_dispatch/routing/route_set.rb:49:in `dispatch'
actionpack (7.1.3) lib/action_dispatch/routing/route_set.rb:32:in `serve'
actionpack (7.1.3) lib/action_dispatch/journey/router.rb:51:in `block in serve'
actionpack (7.1.3) lib/action_dispatch/journey/router.rb:131:in `block in find_routes'
actionpack (7.1.3) lib/action_dispatch/journey/router.rb:124:in `each'
actionpack (7.1.3) lib/action_dispatch/journey/router.rb:124:in `find_routes'
actionpack (7.1.3) lib/action_dispatch/journey/router.rb:32:in `serve'
actionpack (7.1.3) lib/action_dispatch/routing/route_set.rb:882:in `call'
rack (3.0.8) lib/rack/etag.rb:29:in `call'
rack (3.0.8) lib/rack/conditional_get.rb:43:in `call'
rack (3.0.8) lib/rack/head.rb:15:in `call'
activerecord (7.1.3) lib/active_record/migration.rb:655:in `call'
actionpack (7.1.3) lib/action_dispatch/middleware/callbacks.rb:29:in `block in call'
activesupport (7.1.3) lib/active_support/callbacks.rb:101:in `run_callbacks'
actionpack (7.1.3) lib/action_dispatch/middleware/callbacks.rb:28:in `call'
actionpack (7.1.3) lib/action_dispatch/middleware/executor.rb:14:in `call'
actionpack (7.1.3) lib/action_dispatch/middleware/actionable_exceptions.rb:16:in `call'
actionpack (7.1.3) lib/action_dispatch/middleware/debug_exceptions.rb:29:in `call'
actionpack (7.1.3) lib/action_dispatch/middleware/show_exceptions.rb:31:in `call'
railties (7.1.3) lib/rails/rack/logger.rb:37:in `call_app'
railties (7.1.3) lib/rails/rack/logger.rb:24:in `block in call'
activesupport (7.1.3) lib/active_support/tagged_logging.rb:135:in `block in tagged'
activesupport (7.1.3) lib/active_support/tagged_logging.rb:39:in `tagged'
activesupport (7.1.3) lib/active_support/tagged_logging.rb:135:in `tagged'
activesupport (7.1.3) lib/active_support/broadcast_logger.rb:240:in `method_missing'
railties (7.1.3) lib/rails/rack/logger.rb:24:in `call'
actionpack (7.1.3) lib/action_dispatch/middleware/remote_ip.rb:92:in `call'
actionpack (7.1.3) lib/action_dispatch/middleware/request_id.rb:28:in `call'
rack (3.0.8) lib/rack/runtime.rb:24:in `call'
activesupport (7.1.3) lib/active_support/cache/strategy/local_cache_middleware.rb:29:in `call'
actionpack (7.1.3) lib/action_dispatch/middleware/server_timing.rb:59:in `block in call'
actionpack (7.1.3) lib/action_dispatch/middleware/server_timing.rb:24:in `collect_events'
actionpack (7.1.3) lib/action_dispatch/middleware/server_timing.rb:58:in `call'
actionpack (7.1.3) lib/action_dispatch/middleware/executor.rb:14:in `call'
actionpack (7.1.3) lib/action_dispatch/middleware/static.rb:25:in `call'
rack (3.0.8) lib/rack/sendfile.rb:114:in `call'
actionpack (7.1.3) lib/action_dispatch/middleware/host_authorization.rb:141:in `call'
railties (7.1.3) lib/rails/engine.rb:536:in `call'
puma (6.4.2) lib/puma/configuration.rb:272:in `call'
puma (6.4.2) lib/puma/request.rb:100:in `block in handle_request'
puma (6.4.2) lib/puma/thread_pool.rb:378:in `with_force_shutdown'
puma (6.4.2) lib/puma/request.rb:99:in `handle_request'
puma (6.4.2) lib/puma/server.rb:464:in `process_client'
puma (6.4.2) lib/puma/server.rb:245:in `block in run'
puma (6.4.2) lib/puma/thread_pool.rb:155:in `block in spawn_thread'
Started POST "/login" for ::1 at 2024-01-24 15:58:50 +0530
Processing by UsersController#create as */*
  Parameters: {"email"=>"user1@yopmail.com", "password"=>"[FILTERED]", "user"=>{"email"=>"user1@yopmail.com", "password"=>"[FILTERED]"}}
  [1m[36mUser Load (0.6ms)[0m  [1m[34mSELECT "users".* FROM "users" WHERE "users"."email" = $1 AND "users"."password" = $2 /* loading for inspect */ LIMIT $3[0m  [["email", "user1@yopmail.com"], ["password", "[FILTERED]"], ["LIMIT", 11]]
  ↳ app/controllers/users_controller.rb:5:in `create'
  [1m[36mUser Load (0.8ms)[0m  [1m[34mSELECT "users".* FROM "users" WHERE "users"."email" = $1 AND "users"."password" = $2[0m  [["email", "user1@yopmail.com"], ["password", "[FILTERED]"]]
  ↳ (byebug):1:in `create'
  [1m[36mCACHE User Load (0.1ms)[0m  [1m[34mSELECT "users".* FROM "users" WHERE "users"."email" = $1 AND "users"."password" = $2[0m  [["email", "user1@yopmail.com"], ["password", "[FILTERED]"]]
  ↳ app/controllers/users_controller.rb:7:in `create'
Completed 200 OK in 23147ms (Views: 1.0ms | ActiveRecord: 26.1ms | Allocations: 130728)


Started POST "/login" for ::1 at 2024-01-24 16:06:05 +0530
Processing by UsersController#create as */*
  Parameters: {"email"=>"user1@yopmail.com", "password"=>"[FILTERED]", "user"=>{"email"=>"user1@yopmail.com", "password"=>"[FILTERED]"}}
  [1m[36mUser Load (0.4ms)[0m  [1m[34mSELECT "users".* FROM "users" WHERE "users"."email" = $1 AND "users"."password" = $2 LIMIT $3[0m  [["email", "user1@yopmail.com"], ["password", "[FILTERED]"], ["LIMIT", 1]]
  ↳ app/controllers/users_controller.rb:5:in `create'
Completed 500 Internal Server Error in 11ms (ActiveRecord: 4.4ms | Allocations: 4939)


  
NameError (uninitialized constant UsersController::UserSerializer):
  
app/controllers/users_controller.rb:7:in `create'
Started POST "/login" for ::1 at 2024-01-24 16:06:49 +0530
Processing by UsersController#create as */*
  Parameters: {"email"=>"user1@yopmail.com", "password"=>"[FILTERED]", "user"=>{"email"=>"user1@yopmail.com", "password"=>"[FILTERED]"}}
  [1m[36mUser Load (0.2ms)[0m  [1m[34mSELECT "users".* FROM "users" WHERE "users"."email" = $1 AND "users"."password" = $2 LIMIT $3[0m  [["email", "user1@yopmail.com"], ["password", "[FILTERED]"], ["LIMIT", 1]]
  ↳ app/controllers/users_controller.rb:5:in `create'
Completed 500 Internal Server Error in 5ms (ActiveRecord: 0.2ms | Allocations: 2334)


  
NameError (uninitialized constant UsersController::UserSerializer):
  
app/controllers/users_controller.rb:7:in `create'
Started POST "/login" for ::1 at 2024-01-24 16:09:06 +0530
Processing by UsersController#create as */*
  Parameters: {"email"=>"user1@yopmail.com", "password"=>"[FILTERED]", "user"=>{"email"=>"user1@yopmail.com", "password"=>"[FILTERED]"}}
  [1m[36mUser Load (0.3ms)[0m  [1m[34mSELECT "users".* FROM "users" WHERE "users"."email" = $1 AND "users"."password" = $2 LIMIT $3[0m  [["email", "user1@yopmail.com"], ["password", "[FILTERED]"], ["LIMIT", 1]]
  ↳ app/controllers/users_controller.rb:5:in `create'
Completed 200 OK in 8ms (Views: 0.4ms | ActiveRecord: 4.6ms | Allocations: 3095)


Started POST "/login" for ::1 at 2024-01-24 16:11:38 +0530
Processing by UsersController#create as */*
  Parameters: {"email"=>"user1@yopmail.com", "password"=>"[FILTERED]", "user"=>{"email"=>"user1@yopmail.com", "password"=>"[FILTERED]"}}
  [1m[36mUser Load (0.2ms)[0m  [1m[34mSELECT "users".* FROM "users" WHERE "users"."email" = $1 AND "users"."password" = $2 LIMIT $3[0m  [["email", "user1@yopmail.com"], ["password", "[FILTERED]"], ["LIMIT", 1]]
  ↳ app/controllers/users_controller.rb:5:in `create'
Completed 500 Internal Server Error in 10ms (ActiveRecord: 3.3ms | Allocations: 4737)


  
NameError (uninitialized constant UsersController::UserSerializer):
  
app/controllers/users_controller.rb:7:in `create'
Started POST "/login" for ::1 at 2024-01-24 16:13:46 +0530
Processing by UsersController#create as */*
  Parameters: {"email"=>"user1@yopmail.com", "password"=>"[FILTERED]", "user"=>{"email"=>"user1@yopmail.com", "password"=>"[FILTERED]"}}
  [1m[36mUser Load (0.3ms)[0m  [1m[34mSELECT "users".* FROM "users" WHERE "users"."email" = $1 AND "users"."password" = $2 LIMIT $3[0m  [["email", "user1@yopmail.com"], ["password", "[FILTERED]"], ["LIMIT", 1]]
  ↳ app/controllers/users_controller.rb:5:in `create'
Completed 500 Internal Server Error in 8ms (ActiveRecord: 0.2ms | Allocations: 2315)


  
NameError (uninitialized constant UsersController::UserSerializer):
  
app/controllers/users_controller.rb:7:in `create'
Started POST "/login" for ::1 at 2024-01-24 16:16:20 +0530
Processing by UsersController#create as */*
  Parameters: {"email"=>"user1@yopmail.com", "password"=>"[FILTERED]", "user"=>{"email"=>"user1@yopmail.com", "password"=>"[FILTERED]"}}
  [1m[36mUser Load (0.2ms)[0m  [1m[34mSELECT "users".* FROM "users" WHERE "users"."email" = $1 AND "users"."password" = $2 LIMIT $3[0m  [["email", "user1@yopmail.com"], ["password", "[FILTERED]"], ["LIMIT", 1]]
  ↳ app/controllers/users_controller.rb:5:in `create'
Completed 500 Internal Server Error in 64060ms (ActiveRecord: 3.4ms | Allocations: 12291)


  
NameError (uninitialized constant UsersController::UserSerializer):
  
app/controllers/users_controller.rb:8:in `create'
Started POST "/login" for ::1 at 2024-01-24 16:17:33 +0530
  [1m[36mActiveRecord::SchemaMigration Load (0.7ms)[0m  [1m[34mSELECT "schema_migrations"."version" FROM "schema_migrations" ORDER BY "schema_migrations"."version" ASC[0m
Processing by UsersController#create as */*
  Parameters: {"email"=>"user1@yopmail.com", "password"=>"[FILTERED]", "user"=>{"email"=>"user1@yopmail.com", "password"=>"[FILTERED]"}}
  [1m[36mUser Load (0.5ms)[0m  [1m[34mSELECT "users".* FROM "users" WHERE "users"."email" = $1 AND "users"."password" = $2 LIMIT $3[0m  [["email", "user1@yopmail.com"], ["password", "[FILTERED]"], ["LIMIT", 1]]
  ↳ app/controllers/users_controller.rb:5:in `create'
[active_model_serializers] Rendered ActiveModel::Serializer::Null with Hash (0.17ms)
Completed 500 Internal Server Error in 11707ms (Views: 66.3ms | ActiveRecord: 10.0ms | Allocations: 185982)


  
AbstractController::DoubleRenderError (Render and/or redirect were called multiple times in this action. Please note that you may only call render OR redirect, and at most once per action. Also note that neither redirect nor render terminate execution of the action, so if you want to exit an action after redirecting, you need to do something like "redirect_to(...); return".):
  
app/controllers/users_controller.rb:8:in `create'
Started POST "/login" for ::1 at 2024-01-24 16:18:08 +0530
Processing by UsersController#create as */*
  Parameters: {"email"=>"user1@yopmail.com", "password"=>"[FILTERED]", "user"=>{"email"=>"user1@yopmail.com", "password"=>"[FILTERED]"}}
  [1m[36mUser Load (0.2ms)[0m  [1m[34mSELECT "users".* FROM "users" WHERE "users"."email" = $1 AND "users"."password" = $2 LIMIT $3[0m  [["email", "user1@yopmail.com"], ["password", "[FILTERED]"], ["LIMIT", 1]]
  ↳ app/controllers/users_controller.rb:5:in `create'
[active_model_serializers] Rendered ActiveModel::Serializer::Null with Hash (0.04ms)
Completed 200 OK in 6ms (Views: 0.6ms | ActiveRecord: 2.8ms | Allocations: 3987)


Started POST "/login" for ::1 at 2024-01-24 16:19:41 +0530
Processing by UsersController#create as */*
  Parameters: {"email"=>"user1@yopmail.com", "password"=>"[FILTERED]", "user"=>{"email"=>"user1@yopmail.com", "password"=>"[FILTERED]"}}
  [1m[36mUser Load (0.2ms)[0m  [1m[34mSELECT "users".* FROM "users" WHERE "users"."email" = $1 AND "users"."password" = $2 LIMIT $3[0m  [["email", "user1@yopmail.com"], ["password", "[FILTERED]"], ["LIMIT", 1]]
  ↳ app/controllers/users_controller.rb:5:in `create'
[active_model_serializers] Rendered ActiveModel::Serializer::Null with Hash (0.04ms)
Completed 200 OK in 7ms (Views: 1.1ms | ActiveRecord: 3.1ms | Allocations: 3468)


Started POST "/login" for ::1 at 2024-01-24 16:22:24 +0530
  
SyntaxError (/home/acer/Desktop/test_job/file_upload_rails/app/controllers/users_controller.rb:7: syntax error, unexpected local variable or method, expecting `end'
...: { message: "Success" } status: :ok
...                         ^~~~~~
):
  
app/controllers/users_controller.rb:7: syntax error, unexpected local variable or method, expecting `end'
Started POST "/login" for ::1 at 2024-01-24 16:22:36 +0530
Processing by UsersController#create as */*
  Parameters: {"email"=>"user1@yopmail.com", "password"=>"[FILTERED]", "user"=>{"email"=>"user1@yopmail.com", "password"=>"[FILTERED]"}}
  [1m[36mUser Load (0.2ms)[0m  [1m[34mSELECT "users".* FROM "users" WHERE "users"."email" = $1 AND "users"."password" = $2 LIMIT $3[0m  [["email", "user1@yopmail.com"], ["password", "[FILTERED]"], ["LIMIT", 1]]
  ↳ app/controllers/users_controller.rb:5:in `create'
[active_model_serializers] Rendered ActiveModel::Serializer::Null with Hash (0.05ms)
Completed 200 OK in 7ms (Views: 0.6ms | ActiveRecord: 2.9ms | Allocations: 3463)


Started POST "/login" for ::1 at 2024-01-24 16:23:28 +0530
Processing by UsersController#create as */*
  Parameters: {"email"=>"user1@yopmail.com", "password"=>"[FILTERED]", "user"=>{"email"=>"user1@yopmail.com", "password"=>"[FILTERED]"}}
  [1m[36mUser Load (0.4ms)[0m  [1m[34mSELECT "users".* FROM "users" WHERE "users"."email" = $1 AND "users"."password" = $2 LIMIT $3[0m  [["email", "user1@yopmail.com"], ["password", "[FILTERED]"], ["LIMIT", 1]]
  ↳ app/controllers/users_controller.rb:5:in `create'
[active_model_serializers] Rendered ActiveModel::Serializer::Null with Hash (0.06ms)
Completed 200 OK in 7ms (Views: 0.7ms | ActiveRecord: 3.3ms | Allocations: 3463)


Started POST "/login" for ::1 at 2024-01-24 16:23:48 +0530
  [1m[36mActiveRecord::SchemaMigration Load (1.0ms)[0m  [1m[34mSELECT "schema_migrations"."version" FROM "schema_migrations" ORDER BY "schema_migrations"."version" ASC[0m
Processing by UsersController#create as */*
  Parameters: {"email"=>"user1@yopmail.com", "password"=>"[FILTERED]", "user"=>{"email"=>"user1@yopmail.com", "password"=>"[FILTERED]"}}
  [1m[36mUser Load (0.4ms)[0m  [1m[34mSELECT "users".* FROM "users" WHERE "users"."email" = $1 AND "users"."password" = $2 LIMIT $3[0m  [["email", "user1@yopmail.com"], ["password", "[FILTERED]"], ["LIMIT", 1]]
  ↳ app/controllers/users_controller.rb:5:in `create'
[active_model_serializers] Rendered ActiveModel::Serializer::Null with Hash (0.11ms)
Completed 200 OK in 77ms (Views: 1.9ms | ActiveRecord: 9.5ms | Allocations: 98290)


Started POST "/login" for ::1 at 2024-01-24 16:24:16 +0530
Processing by UsersController#create as */*
  Parameters: {"email"=>"user1@yopmail.com", "password"=>"[FILTERED]", "user"=>{"email"=>"user1@yopmail.com", "password"=>"[FILTERED]"}}
  [1m[36mUser Load (0.2ms)[0m  [1m[34mSELECT "users".* FROM "users" WHERE "users"."email" = $1 AND "users"."password" = $2 LIMIT $3[0m  [["email", "user1@yopmail.com"], ["password", "[FILTERED]"], ["LIMIT", 1]]
  ↳ app/controllers/users_controller.rb:5:in `create'
[active_model_serializers] Rendered ActiveModel::Serializer::Null with Hash (0.04ms)
Completed 200 OK in 2ms (Views: 0.3ms | ActiveRecord: 0.2ms | Allocations: 739)


Started POST "/login" for ::1 at 2024-01-24 16:24:40 +0530
Processing by UsersController#create as */*
  Parameters: {"email"=>"user1@yopmail.com", "password"=>"[FILTERED]", "user"=>{"email"=>"user1@yopmail.com", "password"=>"[FILTERED]"}}
  [1m[36mUser Load (0.3ms)[0m  [1m[34mSELECT "users".* FROM "users" WHERE "users"."email" = $1 AND "users"."password" = $2 LIMIT $3[0m  [["email", "user1@yopmail.com"], ["password", "[FILTERED]"], ["LIMIT", 1]]
  ↳ app/controllers/users_controller.rb:5:in `create'
[active_model_serializers] Rendered ActiveModel::Serializer::Null with Hash (0.04ms)
Completed 200 OK in 6ms (Views: 0.5ms | ActiveRecord: 3.2ms | Allocations: 3469)


Started POST "/login" for ::1 at 2024-01-24 16:29:01 +0530
Processing by UsersController#create as */*
  Parameters: {"email"=>"user1@yopmail.com", "password"=>"[FILTERED]", "user"=>{"email"=>"user1@yopmail.com", "password"=>"[FILTERED]"}}
  [1m[36mUser Load (0.3ms)[0m  [1m[34mSELECT "users".* FROM "users" WHERE "users"."email" = $1 AND "users"."password" = $2 LIMIT $3[0m  [["email", "user1@yopmail.com"], ["password", "[FILTERED]"], ["LIMIT", 1]]
  ↳ app/controllers/users_controller.rb:5:in `create'
[active_model_serializers] Rendered ActiveModel::Serializer::Null with Hash (0.04ms)
Completed 200 OK in 7ms (Views: 0.5ms | ActiveRecord: 3.5ms | Allocations: 3469)


Started POST "/login" for ::1 at 2024-01-24 16:29:46 +0530
Processing by UsersController#create as */*
  Parameters: {"email"=>"user1@yopmail.com", "password"=>"[FILTERED]", "user"=>{"email"=>"user1@yopmail.com", "password"=>"[FILTERED]"}}
  [1m[36mUser Load (0.3ms)[0m  [1m[34mSELECT "users".* FROM "users" WHERE "users"."email" = $1 AND "users"."password" = $2 LIMIT $3[0m  [["email", "user1@yopmail.com"], ["password", "[FILTERED]"], ["LIMIT", 1]]
  ↳ app/controllers/users_controller.rb:5:in `create'
[active_model_serializers] Rendered ActiveModel::Serializer::Null with Hash (0.06ms)
Completed 200 OK in 32ms (Views: 0.7ms | ActiveRecord: 3.1ms | Allocations: 3534)


Started POST "/login" for ::1 at 2024-01-24 16:30:04 +0530
Processing by UsersController#create as */*
  Parameters: {"email"=>"user1@yopmail.com", "password"=>"[FILTERED]", "user"=>{"email"=>"user1@yopmail.com", "password"=>"[FILTERED]"}}
  [1m[36mUser Load (0.4ms)[0m  [1m[34mSELECT "users".* FROM "users" WHERE "users"."email" = $1 AND "users"."password" = $2 LIMIT $3[0m  [["email", "user1@yopmail.com"], ["password", "[FILTERED]"], ["LIMIT", 1]]
  ↳ app/controllers/users_controller.rb:5:in `create'
Completed 500 Internal Server Error in 13ms (ActiveRecord: 2.7ms | Allocations: 6414)


  
NoMethodError (undefined method `message' for #<User id: 1, email: "user1@yopmail.com", password: [FILTERED], created_at: "2024-01-24 10:10:14.736468000 +0000", updated_at: "2024-01-24 10:10:14.736468000 +0000">):
  
app/controllers/users_controller.rb:7:in `create'
Started POST "/login" for ::1 at 2024-01-24 16:30:20 +0530
Processing by UsersController#create as */*
  Parameters: {"email"=>"user1@yopmail.com", "password"=>"[FILTERED]", "user"=>{"email"=>"user1@yopmail.com", "password"=>"[FILTERED]"}}
  [1m[36mUser Load (0.2ms)[0m  [1m[34mSELECT "users".* FROM "users" WHERE "users"."email" = $1 AND "users"."password" = $2 LIMIT $3[0m  [["email", "user1@yopmail.com"], ["password", "[FILTERED]"], ["LIMIT", 1]]
  ↳ app/controllers/users_controller.rb:5:in `create'
Completed 500 Internal Server Error in 11ms (ActiveRecord: 2.5ms | Allocations: 6230)


  
NoMethodError (undefined method `message' for #<User id: 1, email: "user1@yopmail.com", password: [FILTERED], created_at: "2024-01-24 10:10:14.736468000 +0000", updated_at: "2024-01-24 10:10:14.736468000 +0000">):
  
app/controllers/users_controller.rb:7:in `create'
Started POST "/login" for ::1 at 2024-01-24 16:30:36 +0530
Processing by UsersController#create as */*
  Parameters: {"email"=>"user1@yopmail.com", "password"=>"[FILTERED]", "user"=>{"email"=>"user1@yopmail.com", "password"=>"[FILTERED]"}}
  [1m[36mUser Load (0.2ms)[0m  [1m[34mSELECT "users".* FROM "users" WHERE "users"."email" = $1 AND "users"."password" = $2 LIMIT $3[0m  [["email", "user1@yopmail.com"], ["password", "[FILTERED]"], ["LIMIT", 1]]
  ↳ app/controllers/users_controller.rb:5:in `create'
[active_model_serializers] Rendered ActiveModel::Serializer::Null with Hash (0.05ms)
Completed 200 OK in 8ms (Views: 0.6ms | ActiveRecord: 3.7ms | Allocations: 3505)


Started POST "/login" for ::1 at 2024-01-24 16:37:41 +0530
Processing by UsersController#create as */*
  Parameters: {"email"=>"user1@yopmail.com", "password"=>"[FILTERED]", "user"=>{"email"=>"user1@yopmail.com", "password"=>"[FILTERED]"}}
  [1m[36mUser Load (0.3ms)[0m  [1m[34mSELECT "users".* FROM "users" WHERE "users"."email" = $1 AND "users"."password" = $2 LIMIT $3[0m  [["email", "user1@yopmail.com"], ["password", "[FILTERED]"], ["LIMIT", 1]]
  ↳ app/controllers/users_controller.rb:5:in `create'
[active_model_serializers] Rendered ActiveModel::Serializer::Null with Hash (0.06ms)
Completed 200 OK in 8ms (Views: 0.7ms | ActiveRecord: 4.6ms | Allocations: 3539)


Started POST "/login" for ::1 at 2024-01-24 16:40:49 +0530
Processing by UsersController#create as */*
  Parameters: {"email"=>"user1@yopmail.com", "password"=>"[FILTERED]", "user"=>{"email"=>"user1@yopmail.com", "password"=>"[FILTERED]"}}
  [1m[36mUser Load (0.3ms)[0m  [1m[34mSELECT "users".* FROM "users" WHERE "users"."email" = $1 AND "users"."password" = $2 LIMIT $3[0m  [["email", "user1@yopmail.com"], ["password", "[FILTERED]"], ["LIMIT", 1]]
  ↳ app/controllers/users_controller.rb:5:in `create'
[active_model_serializers] Rendered UserSerializer with ActiveModelSerializers::Adapter::Attributes (0.21ms)
Completed 200 OK in 7ms (Views: 0.7ms | ActiveRecord: 4.2ms | Allocations: 3428)


Started POST "/login" for ::1 at 2024-01-24 16:40:50 +0530
Processing by UsersController#create as */*
  Parameters: {"email"=>"user1@yopmail.com", "password"=>"[FILTERED]", "user"=>{"email"=>"user1@yopmail.com", "password"=>"[FILTERED]"}}
  [1m[36mUser Load (0.2ms)[0m  [1m[34mSELECT "users".* FROM "users" WHERE "users"."email" = $1 AND "users"."password" = $2 LIMIT $3[0m  [["email", "user1@yopmail.com"], ["password", "[FILTERED]"], ["LIMIT", 1]]
  ↳ app/controllers/users_controller.rb:5:in `create'
[active_model_serializers] Rendered UserSerializer with ActiveModelSerializers::Adapter::Attributes (0.15ms)
Completed 200 OK in 2ms (Views: 0.4ms | ActiveRecord: 0.2ms | Allocations: 750)


Started POST "/login" for ::1 at 2024-01-24 16:40:51 +0530
Processing by UsersController#create as */*
  Parameters: {"email"=>"user1@yopmail.com", "password"=>"[FILTERED]", "user"=>{"email"=>"user1@yopmail.com", "password"=>"[FILTERED]"}}
  [1m[36mUser Load (0.2ms)[0m  [1m[34mSELECT "users".* FROM "users" WHERE "users"."email" = $1 AND "users"."password" = $2 LIMIT $3[0m  [["email", "user1@yopmail.com"], ["password", "[FILTERED]"], ["LIMIT", 1]]
  ↳ app/controllers/users_controller.rb:5:in `create'
[active_model_serializers] Rendered UserSerializer with ActiveModelSerializers::Adapter::Attributes (0.2ms)
Completed 200 OK in 2ms (Views: 0.6ms | ActiveRecord: 0.2ms | Allocations: 750)


Started POST "/login" for ::1 at 2024-01-24 16:41:21 +0530
Processing by UsersController#create as */*
  Parameters: {"email"=>"user11@yopmail.com", "password"=>"[FILTERED]", "user"=>{"email"=>"user11@yopmail.com", "password"=>"[FILTERED]"}}
  [1m[36mUser Load (0.3ms)[0m  [1m[34mSELECT "users".* FROM "users" WHERE "users"."email" = $1 AND "users"."password" = $2 LIMIT $3[0m  [["email", "user11@yopmail.com"], ["password", "[FILTERED]"], ["LIMIT", 1]]
  ↳ app/controllers/users_controller.rb:5:in `create'
[active_model_serializers] Rendered ActiveModel::Serializer::Null with Hash (0.08ms)
Completed 401 Unauthorized in 2ms (Views: 0.6ms | ActiveRecord: 2.0ms | Allocations: 1069)


Started POST "/login" for ::1 at 2024-01-24 16:45:08 +0530
Processing by UsersController#create as */*
  Parameters: {"email"=>"user11@yopmail.com", "password"=>"[FILTERED]", "user"=>{"email"=>"user11@yopmail.com", "password"=>"[FILTERED]"}}
  [1m[36mUser Load (0.2ms)[0m  [1m[34mSELECT "users".* FROM "users" WHERE "users"."email" = $1 AND "users"."password" = $2 LIMIT $3[0m  [["email", "user11@yopmail.com"], ["password", "[FILTERED]"], ["LIMIT", 1]]
  ↳ app/controllers/users_controller.rb:5:in `create'
[active_model_serializers] Rendered ActiveModel::Serializer::Null with Hash (0.06ms)
Completed 401 Unauthorized in 2ms (Views: 0.6ms | ActiveRecord: 1.8ms | Allocations: 1069)


Started POST "/login" for ::1 at 2024-01-24 16:45:12 +0530
Processing by UsersController#create as */*
  Parameters: {"email"=>"user1@yopmail.com", "password"=>"[FILTERED]", "user"=>{"email"=>"user1@yopmail.com", "password"=>"[FILTERED]"}}
  [1m[36mUser Load (0.2ms)[0m  [1m[34mSELECT "users".* FROM "users" WHERE "users"."email" = $1 AND "users"."password" = $2 LIMIT $3[0m  [["email", "user1@yopmail.com"], ["password", "[FILTERED]"], ["LIMIT", 1]]
  ↳ app/controllers/users_controller.rb:5:in `create'
[active_model_serializers] Rendered ActiveModel::Serializer::Null with Hash (0.05ms)
Completed 200 OK in 6ms (Views: 0.4ms | ActiveRecord: 1.3ms | Allocations: 3081)


Started POST "/login" for ::1 at 2024-01-24 16:48:47 +0530
Processing by UsersController#create as */*
  Parameters: {"email"=>"user1@yopmail.com", "password"=>"[FILTERED]", "user"=>{"email"=>"user1@yopmail.com", "password"=>"[FILTERED]"}}
  [1m[36mUser Load (0.6ms)[0m  [1m[34mSELECT "users".* FROM "users" WHERE "users"."email" = $1 AND "users"."password" = $2 LIMIT $3[0m  [["email", "user1@yopmail.com"], ["password", "[FILTERED]"], ["LIMIT", 1]]
  ↳ app/controllers/users_controller.rb:5:in `create'
[active_model_serializers] Rendered ActiveModel::Serializer::Null with Hash (0.2ms)
Completed 200 OK in 8ms (Views: 1.4ms | ActiveRecord: 0.6ms | Allocations: 725)


Started POST "/login" for ::1 at 2024-01-24 16:48:50 +0530
Processing by UsersController#create as */*
  Parameters: {"email"=>"user10@yopmail.com", "password"=>"[FILTERED]", "user"=>{"email"=>"user10@yopmail.com", "password"=>"[FILTERED]"}}
  [1m[36mUser Load (0.1ms)[0m  [1m[34mSELECT "users".* FROM "users" WHERE "users"."email" = $1 AND "users"."password" = $2 LIMIT $3[0m  [["email", "user10@yopmail.com"], ["password", "[FILTERED]"], ["LIMIT", 1]]
  ↳ app/controllers/users_controller.rb:5:in `create'
[active_model_serializers] Rendered ActiveModel::Serializer::Null with Hash (0.03ms)
Completed 401 Unauthorized in 1ms (Views: 0.3ms | ActiveRecord: 0.1ms | Allocations: 680)


Started POST "/login" for ::1 at 2024-01-24 16:49:37 +0530
Processing by UsersController#create as */*
  Parameters: {"email"=>"user1@yopmail.com", "password"=>"[FILTERED]", "user"=>{"email"=>"user1@yopmail.com", "password"=>"[FILTERED]"}}
  [1m[36mUser Load (0.2ms)[0m  [1m[34mSELECT "users".* FROM "users" WHERE "users"."email" = $1 AND "users"."password" = $2 LIMIT $3[0m  [["email", "user1@yopmail.com"], ["password", "[FILTERED]"], ["LIMIT", 1]]
  ↳ app/controllers/users_controller.rb:5:in `create'
[active_model_serializers] Rendered ActiveModel::Serializer::Null with Hash (0.06ms)
Completed 200 OK in 2ms (Views: 0.5ms | ActiveRecord: 0.2ms | Allocations: 725)


Started POST "/login" for ::1 at 2024-01-24 16:50:00 +0530
Processing by UsersController#create as */*
  Parameters: {"email"=>"user10@yopmail.com", "password"=>"[FILTERED]", "user"=>{"email"=>"user10@yopmail.com", "password"=>"[FILTERED]"}}
  [1m[36mUser Load (0.2ms)[0m  [1m[34mSELECT "users".* FROM "users" WHERE "users"."email" = $1 AND "users"."password" = $2 LIMIT $3[0m  [["email", "user10@yopmail.com"], ["password", "[FILTERED]"], ["LIMIT", 1]]
  ↳ app/controllers/users_controller.rb:5:in `create'
[active_model_serializers] Rendered ActiveModel::Serializer::Null with Hash (0.04ms)
Completed 401 Unauthorized in 2ms (Views: 0.4ms | ActiveRecord: 0.2ms | Allocations: 680)


Started POST "/login" for ::1 at 2024-01-24 16:51:17 +0530
Processing by UsersController#create as */*
  Parameters: {"email"=>"user1@yopmail.com", "password"=>"[FILTERED]", "user"=>{"email"=>"user1@yopmail.com", "password"=>"[FILTERED]"}}
  [1m[36mUser Load (0.2ms)[0m  [1m[34mSELECT "users".* FROM "users" WHERE "users"."email" = $1 AND "users"."password" = $2 LIMIT $3[0m  [["email", "user1@yopmail.com"], ["password", "[FILTERED]"], ["LIMIT", 1]]
  ↳ app/controllers/users_controller.rb:5:in `create'
[active_model_serializers] Rendered ActiveModel::Serializer::Null with Hash (0.05ms)
Completed 200 OK in 2ms (Views: 0.3ms | ActiveRecord: 0.2ms | Allocations: 725)


Started POST "/login" for ::1 at 2024-01-24 16:52:52 +0530
Processing by UsersController#create as */*
  Parameters: {"email"=>"user1@yopmail.com", "password"=>"[FILTERED]", "user"=>{"email"=>"user1@yopmail.com", "password"=>"[FILTERED]"}}
  [1m[36mUser Load (0.2ms)[0m  [1m[34mSELECT "users".* FROM "users" WHERE "users"."email" = $1 AND "users"."password" = $2 LIMIT $3[0m  [["email", "user1@yopmail.com"], ["password", "[FILTERED]"], ["LIMIT", 1]]
  ↳ app/controllers/users_controller.rb:5:in `create'
[active_model_serializers] Rendered ActiveModel::Serializer::Null with Hash (0.06ms)
Completed 200 OK in 6ms (Views: 0.6ms | ActiveRecord: 3.8ms | Allocations: 3469)


